<?xml version="1.0" encoding="UTF-8"?>
<testng-results skipped="0" failed="0" total="1" passed="1">
  <reporter-output>
  </reporter-output>
  <suite name="Default suite" duration-ms="91154" started-at="2018-01-27T05:43:23Z" finished-at="2018-01-27T05:44:54Z">
    <groups>
    </groups>
    <test name="Default test" duration-ms="91154" started-at="2018-01-27T05:43:23Z" finished-at="2018-01-27T05:44:54Z">
      <class name="testcases.TC003_CreateLead">
        <test-method status="PASS" signature="beforeSuite()[pri:0, instance:testcases.TC003_CreateLead@1f2a3a5]" name="beforeSuite" is-config="true" duration-ms="601" started-at="2018-01-27T11:13:23Z" finished-at="2018-01-27T11:13:23Z">
          <reporter-output>
          </reporter-output>
        </test-method> <!-- beforeSuite -->
        <test-method status="PASS" signature="beforeTest()[pri:0, instance:testcases.TC003_CreateLead@1f2a3a5]" name="beforeTest" is-config="true" duration-ms="3" started-at="2018-01-27T11:13:23Z" finished-at="2018-01-27T11:13:23Z">
          <reporter-output>
          </reporter-output>
        </test-method> <!-- beforeTest -->
        <test-method status="PASS" signature="setData()[pri:0, instance:testcases.TC003_CreateLead@1f2a3a5]" name="setData" is-config="true" duration-ms="0" started-at="2018-01-27T11:13:23Z" finished-at="2018-01-27T11:13:23Z">
          <reporter-output>
          </reporter-output>
        </test-method> <!-- setData -->
        <test-method status="PASS" signature="beforeMethod()[pri:0, instance:testcases.TC003_CreateLead@1f2a3a5]" name="beforeMethod" is-config="true" duration-ms="13661" started-at="2018-01-27T11:13:24Z" finished-at="2018-01-27T11:13:37Z">
          <reporter-output>
          </reporter-output>
        </test-method> <!-- beforeMethod -->
        <test-method status="PASS" signature="createLead(java.lang.String, java.lang.String, java.lang.String, java.lang.String, java.lang.String, java.lang.String, java.lang.String)[pri:0, instance:testcases.TC003_CreateLead@1f2a3a5]" name="createLead" duration-ms="76463" started-at="2018-01-27T11:13:37Z" data-provider="fetchData" finished-at="2018-01-27T11:14:54Z">
          <params>
            <param index="0">
              <value>
                <![CDATA[DemoSalesManager]]>
              </value>
            </param>
            <param index="1">
              <value>
                <![CDATA[crmsfa]]>
              </value>
            </param>
            <param index="2">
              <value>
                <![CDATA[TestLeaf]]>
              </value>
            </param>
            <param index="3">
              <value>
                <![CDATA[Saras]]>
              </value>
            </param>
            <param index="4">
              <value>
                <![CDATA[J]]>
              </value>
            </param>
            <param index="5">
              <value>
                <![CDATA[1111111]]>
              </value>
            </param>
            <param index="6">
              <value>
                <![CDATA[abc@gmail]]>
              </value>
            </param>
          </params>
          <reporter-output>
          </reporter-output>
        </test-method> <!-- createLead -->
        <test-method status="PASS" signature="afterMethod()[pri:0, instance:testcases.TC003_CreateLead@1f2a3a5]" name="afterMethod" is-config="true" duration-ms="550" started-at="2018-01-27T11:14:54Z" finished-at="2018-01-27T11:14:54Z">
          <reporter-output>
          </reporter-output>
        </test-method> <!-- afterMethod -->
        <test-method status="PASS" signature="afterTest()[pri:0, instance:testcases.TC003_CreateLead@1f2a3a5]" name="afterTest" is-config="true" duration-ms="0" started-at="2018-01-27T11:14:54Z" finished-at="2018-01-27T11:14:54Z">
          <reporter-output>
          </reporter-output>
        </test-method> <!-- afterTest -->
        <test-method status="PASS" signature="afterSuite()[pri:0, instance:testcases.TC003_CreateLead@1f2a3a5]" name="afterSuite" is-config="true" duration-ms="635" started-at="2018-01-27T11:14:55Z" finished-at="2018-01-27T11:14:55Z">
          <reporter-output>
          </reporter-output>
        </test-method> <!-- afterSuite -->
      </class> <!-- testcases.TC003_CreateLead -->
    </test> <!-- Default test -->
  </suite> <!-- Default suite -->
</testng-results>
