<?xml version="1.0" encoding="UTF-8"?>
<testng-results skipped="0" failed="1" ignored="0" total="1" passed="0">
  <reporter-output>
  </reporter-output>
  <suite name="Default suite" duration-ms="11587" started-at="2017-12-10T01:50:28Z" finished-at="2017-12-10T01:50:40Z">
    <groups>
    </groups>
    <test name="Default test" duration-ms="11587" started-at="2017-12-10T01:50:28Z" finished-at="2017-12-10T01:50:40Z">
      <class name="pages.s1">
        <test-method status="PASS" signature="beforeSuite()[pri:0, instance:pages.s1@136e911]" name="beforeSuite" is-config="true" duration-ms="579" started-at="2017-12-10T07:20:28Z" finished-at="2017-12-10T07:20:28Z">
          <reporter-output>
          </reporter-output>
        </test-method> <!-- beforeSuite -->
        <test-method status="PASS" signature="beforeTest()[pri:0, instance:pages.s1@136e911]" name="beforeTest" is-config="true" duration-ms="0" started-at="2017-12-10T07:20:28Z" finished-at="2017-12-10T07:20:28Z">
          <reporter-output>
          </reporter-output>
        </test-method> <!-- beforeTest -->
        <test-method status="PASS" signature="setData()[pri:0, instance:pages.s1@136e911]" name="setData" is-config="true" duration-ms="0" started-at="2017-12-10T07:20:28Z" finished-at="2017-12-10T07:20:28Z">
          <reporter-output>
          </reporter-output>
        </test-method> <!-- setData -->
        <test-method status="PASS" signature="beforeMethod()[pri:0, instance:pages.s1@136e911]" name="beforeMethod" is-config="true" duration-ms="10297" started-at="2017-12-10T07:20:28Z" finished-at="2017-12-10T07:20:38Z">
          <reporter-output>
          </reporter-output>
        </test-method> <!-- beforeMethod -->
        <test-method status="FAIL" signature="sample1()[pri:0, instance:pages.s1@136e911]" name="sample1" duration-ms="8" started-at="2017-12-10T07:20:38Z" finished-at="2017-12-10T07:20:39Z">
          <exception class="java.lang.NullPointerException">
            <full-stacktrace>
              <![CDATA[java.lang.NullPointerException
	at wdMethods.SeMethods.locateElement(SeMethods.java:76)
	at pages.LoginPage.<init>(LoginPage.java:23)
	at pages.s1.sample1(s1.java:24)
	at sun.reflect.NativeMethodAccessorImpl.invoke0(Native Method)
	at sun.reflect.NativeMethodAccessorImpl.invoke(NativeMethodAccessorImpl.java:62)
	at sun.reflect.DelegatingMethodAccessorImpl.invoke(DelegatingMethodAccessorImpl.java:43)
	at java.lang.reflect.Method.invoke(Method.java:483)
	at org.testng.internal.MethodInvocationHelper.invokeMethod(MethodInvocationHelper.java:108)
	at org.testng.internal.Invoker.invokeMethod(Invoker.java:669)
	at org.testng.internal.Invoker.invokeTestMethod(Invoker.java:877)
	at org.testng.internal.Invoker.invokeTestMethods(Invoker.java:1201)
	at org.testng.internal.TestMethodWorker.invokeTestMethods(TestMethodWorker.java:125)
	at org.testng.internal.TestMethodWorker.run(TestMethodWorker.java:109)
	at org.testng.TestRunner.privateRun(TestRunner.java:776)
	at org.testng.TestRunner.run(TestRunner.java:634)
	at org.testng.SuiteRunner.runTest(SuiteRunner.java:425)
	at org.testng.SuiteRunner.runSequentially(SuiteRunner.java:420)
	at org.testng.SuiteRunner.privateRun(SuiteRunner.java:385)
	at org.testng.SuiteRunner.run(SuiteRunner.java:334)
	at org.testng.SuiteRunnerWorker.runSuite(SuiteRunnerWorker.java:52)
	at org.testng.SuiteRunnerWorker.run(SuiteRunnerWorker.java:86)
	at org.testng.TestNG.runSuitesSequentially(TestNG.java:1318)
	at org.testng.TestNG.runSuitesLocally(TestNG.java:1243)
	at org.testng.TestNG.runSuites(TestNG.java:1161)
	at org.testng.TestNG.run(TestNG.java:1129)
	at org.testng.remote.AbstractRemoteTestNG.run(AbstractRemoteTestNG.java:114)
	at org.testng.remote.RemoteTestNG.initAndRun(RemoteTestNG.java:251)
	at org.testng.remote.RemoteTestNG.main(RemoteTestNG.java:77)
]]>
            </full-stacktrace>
          </exception> <!-- java.lang.NullPointerException -->
          <reporter-output>
          </reporter-output>
        </test-method> <!-- sample1 -->
        <test-method status="PASS" signature="afterMethod()[pri:0, instance:pages.s1@136e911]" name="afterMethod" is-config="true" duration-ms="1256" started-at="2017-12-10T07:20:39Z" finished-at="2017-12-10T07:20:40Z">
          <reporter-output>
          </reporter-output>
        </test-method> <!-- afterMethod -->
        <test-method status="PASS" signature="afterTest()[pri:0, instance:pages.s1@136e911]" name="afterTest" is-config="true" duration-ms="0" started-at="2017-12-10T07:20:40Z" finished-at="2017-12-10T07:20:40Z">
          <reporter-output>
          </reporter-output>
        </test-method> <!-- afterTest -->
        <test-method status="PASS" signature="afterSuite()[pri:0, instance:pages.s1@136e911]" name="afterSuite" is-config="true" duration-ms="466" started-at="2017-12-10T07:20:40Z" finished-at="2017-12-10T07:20:40Z">
          <reporter-output>
          </reporter-output>
        </test-method> <!-- afterSuite -->
      </class> <!-- pages.s1 -->
    </test> <!-- Default test -->
  </suite> <!-- Default suite -->
</testng-results>
